<?xml version="1.0" encoding="UTF-8"?>
<!-- Generated by org.testng.reporters.JUnitReportReporter -->
<testsuite hostname="LTIN475613" failures="0" tests="22" name="runner.TestRunner" time="21.096" errors="0" timestamp="2024-11-03T10:43:55 IST" skipped="0">
  <testcase classname="runner.TestRunner" name="runScenario" time="0.881"/>
  <testcase classname="runner.TestRunner" name="runScenario" time="0.955"/>
  <testcase classname="runner.TestRunner" name="runScenario" time="0.661"/>
  <testcase classname="runner.TestRunner" name="runScenario" time="0.781"/>
  <testcase classname="runner.TestRunner" name="runScenario" time="1.136"/>
  <testcase classname="runner.TestRunner" name="runScenario" time="0.447"/>
  <testcase classname="runner.TestRunner" name="runScenario" time="0.496"/>
  <testcase classname="runner.TestRunner" name="runScenario" time="0.649"/>
  <testcase classname="runner.TestRunner" name="runScenario" time="1.272"/>
  <testcase classname="runner.TestRunner" name="runScenario" time="0.613"/>
  <testcase classname="runner.TestRunner" name="runScenario" time="0.803"/>
  <testcase classname="runner.TestRunner" name="runScenario" time="0.814"/>
  <testcase classname="runner.TestRunner" name="runScenario" time="0.535"/>
  <testcase classname="runner.TestRunner" name="runScenario" time="0.917"/>
  <testcase classname="runner.TestRunner" name="runScenario" time="0.534"/>
  <testcase classname="runner.TestRunner" name="runScenario" time="0.903"/>
  <testcase classname="runner.TestRunner" name="runScenario" time="1.103"/>
  <testcase classname="runner.TestRunner" name="runScenario" time="0.845"/>
  <testcase classname="runner.TestRunner" name="runScenario" time="2.716"/>
  <testcase classname="runner.TestRunner" name="runScenario" time="1.759"/>
  <testcase classname="runner.TestRunner" name="runScenario" time="1.476"/>
  <testcase classname="runner.TestRunner" name="runScenario" time="0.800"/>
</testsuite> <!-- runner.TestRunner -->
