<?xml version="1.0" encoding="UTF-8"?>
<!-- Generated by org.testng.reporters.JUnitReportReporter -->
<testsuite hostname="LTIN475613" failures="0" tests="6" name="runner.TestRunner" time="13.705" errors="0" timestamp="2024-10-30T14:38:23 IST" skipped="0">
  <testcase classname="runner.TestRunner" name="runScenario" time="3.329"/>
  <testcase classname="runner.TestRunner" name="runScenario" time="1.727"/>
  <testcase classname="runner.TestRunner" name="runScenario" time="4.208"/>
  <testcase classname="runner.TestRunner" name="runScenario" time="1.526"/>
  <testcase classname="runner.TestRunner" name="runScenario" time="1.546"/>
  <testcase classname="runner.TestRunner" name="runScenario" time="1.369"/>
</testsuite> <!-- runner.TestRunner -->
