<?xml version="1.0" encoding="UTF-8"?>
<!-- Generated by org.testng.reporters.JUnitReportReporter -->
<testsuite hostname="LTIN475613" failures="0" tests="6" name="runner.TestRunner" time="15.849" errors="0" timestamp="2024-11-01T13:29:09 IST" skipped="0">
  <testcase classname="runner.TestRunner" name="runScenario" time="1.797"/>
  <testcase classname="runner.TestRunner" name="runScenario" time="1.289"/>
  <testcase classname="runner.TestRunner" name="runScenario" time="1.638"/>
  <testcase classname="runner.TestRunner" name="runScenario" time="5.257"/>
  <testcase classname="runner.TestRunner" name="runScenario" time="1.456"/>
  <testcase classname="runner.TestRunner" name="runScenario" time="4.412"/>
</testsuite> <!-- runner.TestRunner -->
