<?xml version="1.0" encoding="UTF-8"?>
<!-- Generated by org.testng.reporters.JUnitReportReporter -->
<testsuite hostname="LTIN475613" failures="0" tests="2" name="runner.TestRunner" time="7.124" errors="0" timestamp="2024-10-29T23:52:51 IST" skipped="0">
  <testcase classname="runner.TestRunner" name="runScenario" time="3.163"/>
  <testcase classname="runner.TestRunner" name="runScenario" time="3.961"/>
</testsuite> <!-- runner.TestRunner -->
