<?xml version="1.0" encoding="UTF-8"?>
<!-- Generated by org.testng.reporters.JUnitReportReporter -->
<testsuite hostname="LTIN475613" failures="0" tests="16" name="runner.TestRunner" time="33.090" errors="0" timestamp="2024-11-02T13:41:19 IST" skipped="0">
  <testcase classname="runner.TestRunner" name="runScenario" time="1.504"/>
  <testcase classname="runner.TestRunner" name="runScenario" time="1.603"/>
  <testcase classname="runner.TestRunner" name="runScenario" time="1.506"/>
  <testcase classname="runner.TestRunner" name="runScenario" time="2.299"/>
  <testcase classname="runner.TestRunner" name="runScenario" time="5.355"/>
  <testcase classname="runner.TestRunner" name="runScenario" time="1.351"/>
  <testcase classname="runner.TestRunner" name="runScenario" time="1.548"/>
  <testcase classname="runner.TestRunner" name="runScenario" time="1.658"/>
  <testcase classname="runner.TestRunner" name="runScenario" time="1.399"/>
  <testcase classname="runner.TestRunner" name="runScenario" time="1.452"/>
  <testcase classname="runner.TestRunner" name="runScenario" time="1.607"/>
  <testcase classname="runner.TestRunner" name="runScenario" time="1.468"/>
  <testcase classname="runner.TestRunner" name="runScenario" time="2.264"/>
  <testcase classname="runner.TestRunner" name="runScenario" time="3.615"/>
  <testcase classname="runner.TestRunner" name="runScenario" time="2.252"/>
  <testcase classname="runner.TestRunner" name="runScenario" time="2.209"/>
</testsuite> <!-- runner.TestRunner -->
