<?xml version="1.0" encoding="UTF-8"?>
<!-- Generated by org.testng.reporters.JUnitReportReporter -->
<testsuite hostname="LTIN475613" failures="0" tests="11" name="runner.TestRunner" time="17.112" errors="0" timestamp="2024-11-02T19:25:32 IST" skipped="0">
  <testcase classname="runner.TestRunner" name="runScenario" time="1.603"/>
  <testcase classname="runner.TestRunner" name="runScenario" time="1.527"/>
  <testcase classname="runner.TestRunner" name="runScenario" time="1.100"/>
  <testcase classname="runner.TestRunner" name="runScenario" time="2.099"/>
  <testcase classname="runner.TestRunner" name="runScenario" time="1.187"/>
  <testcase classname="runner.TestRunner" name="runScenario" time="1.008"/>
  <testcase classname="runner.TestRunner" name="runScenario" time="1.147"/>
  <testcase classname="runner.TestRunner" name="runScenario" time="1.214"/>
  <testcase classname="runner.TestRunner" name="runScenario" time="1.781"/>
  <testcase classname="runner.TestRunner" name="runScenario" time="1.771"/>
  <testcase classname="runner.TestRunner" name="runScenario" time="2.675"/>
</testsuite> <!-- runner.TestRunner -->
