<?xml version="1.0" encoding="UTF-8"?>
<!-- Generated by org.testng.reporters.JUnitReportReporter -->
<testsuite hostname="LTIN475613" failures="0" tests="6" name="runner.TestRunner" time="15.514" errors="0" timestamp="2024-10-30T19:03:47 IST" skipped="0">
  <testcase classname="runner.TestRunner" name="runScenario" time="1.616"/>
  <testcase classname="runner.TestRunner" name="runScenario" time="1.569"/>
  <testcase classname="runner.TestRunner" name="runScenario" time="5.124"/>
  <testcase classname="runner.TestRunner" name="runScenario" time="1.924"/>
  <testcase classname="runner.TestRunner" name="runScenario" time="1.557"/>
  <testcase classname="runner.TestRunner" name="runScenario" time="3.724"/>
</testsuite> <!-- runner.TestRunner -->
